2025-12-06 12:39:02.959729: I tensorflow/core/util/port.cc:153] oneDNN custom operations are on. You may see slightly different numerical results due to floating-point round-off errors from different computation orders. To turn them off, set the environment variable `TF_ENABLE_ONEDNN_OPTS=0`.
2025-12-06 12:39:10.852565: I tensorflow/core/util/port.cc:153] oneDNN custom operations are on. You may see slightly different numerical results due to floating-point round-off errors from different computation orders. To turn them off, set the environment variable `TF_ENABLE_ONEDNN_OPTS=0`.
2025-12-06 12:39:16.950862: I tensorflow/core/platform/cpu_feature_guard.cc:210] This TensorFlow binary is optimized to use available CPU instructions in performance-critical operations.
To enable the following instructions: SSE3 SSE4.1 SSE4.2 AVX AVX2 AVX512F AVX512_VNNI FMA, in other operations, rebuild TensorFlow with the appropriate compiler flags.
WARNING:absl:Compiled the loaded model, but the compiled metrics have yet to be built. `model.compile_metrics` will be empty until you train or evaluate the model.
--- Starting Classification of 180 Images ---
[12:39:17] 00272867546344b1b49e045232b615bd.jpg -> shoes (1.00)
[12:39:18] 0056fa35faea4247a6c692b8ce762d1a.jpg -> metal (1.00)
[12:39:18] 00d43236d2724ba89ade6c4833eeb92a.jpg -> battery (0.92)
[12:39:18] 01eae875e83c49448daa8c259a5f42f9.jpg -> clothes (1.00)
[12:39:18] 03f3ba55f5de40b9993b64fcbdb84f94.jpg -> battery (0.91)
[12:39:18] 061022a75b844ccabf7473d4a458f697.jpg -> trash (0.97)
[12:39:18] 0649b96c85a747848520396af12d8734.jpg -> plastic (0.63)
[12:39:19] 069da660172542d8b3cf6bed5d4e24e8.jpg -> cardboard (1.00)
[12:39:19] 090151fc82274eeb92047f90fc428fc3.jpg -> clothes (0.98)
[12:39:19] 0960c89639204c7cb2f7ec7f4df74e95.jpg -> paper (1.00)
[12:39:19] 0c9871db19d04219aa870dbe07b6952d.jpg -> plastic (0.64)
[12:39:19] 0f2f94fe2f1445d493ee08081f716447.jpg -> cardboard (1.00)
[12:39:20] 0fc0f9cb4c72477686e5e9e119753110.jpg -> paper (0.68)
[12:39:20] 10418fdb7d6846f5a7deeb3e80a0ab16.jpg -> shoes (1.00)
[12:39:20] 11996669f3a64997ab2fe1c8e25bcf58.jpg -> shoes (1.00)
[12:39:20] 13a40b4027bc46379c4f450603add508.jpg -> trash (1.00)
[12:39:20] 1517c80a30df432bb2dc9305a49af488.jpg -> clothes (0.96)
[12:39:21] 15dca5ff845d470394278882009f3de7.jpg -> trash (0.78)
[12:39:21] 168f734e3d0f40d487507de1546a5371.jpg -> clothes (0.75)
[12:39:21] 16c4c12b2c994745939ce64513e81722.jpg -> glass (1.00)
[12:39:21] 1719542868844eeb91afba35814bac17.jpg -> cardboard (1.00)
[12:39:21] 18acf00513e345e383babe0d475cf6eb.jpg -> metal (0.64)
[12:39:21] 1974caf744a1419789e014400b21461f.jpg -> paper (0.98)
[12:39:22] 19eddde57d624f34b2d8806a8396be85.jpg -> glass (1.00)
[12:39:22] 1a37ec6e42534b50863c97f7925d1d14.jpg -> cardboard (1.00)
[12:39:22] 1cfa36bcab65428da8ade23580703f9c.jpg -> metal (0.95)
[12:39:22] 1e85607bf9c94f3198891677ff7e034c.jpg -> plastic (1.00)
[12:39:23] 1f9d269554734ea8b08b6db1b40ecd2a.jpg -> paper (1.00)
[12:39:23] 1fa01c66a1f04296855c74e5a7c91245.jpg -> metal (0.96)
[12:39:23] 21057fb42a8146ab8ae44363982790d0.jpg -> clothes (1.00)
[12:39:23] 238b03a07ffb4cceb6473e36b179dc91.jpg -> battery (1.00)
[12:39:23] 2468ce2f4ac4463fae8497a48eb3b633.jpg -> clothes (1.00)
[12:39:23] 24f77ed8d94a4d578065029ef34ed92e.jpg -> clothes (1.00)
[12:39:24] 26f9ca7e08ba4cc9983b65be25ddb275.jpg -> plastic (1.00)
[12:39:24] 27c87eeacaad450db505e1fa18d24139.jpg -> biological (0.99)
[12:39:24] 289199a55b024b32a1993d3fc275fff1.jpg -> shoes (1.00)
[12:39:24] 28ca2909c18743fcbbf7978b310af055.jpg -> biological (0.99)
[12:39:24] 2ac15a215c524c16bc797e71ff05c553.jpg -> shoes (0.99)
[12:39:24] 309f75a94b284eb4b51fb93420c77c62.jpg -> clothes (1.00)
[12:39:25] 30cf94e844d54424aa93080f77375314.jpg -> shoes (0.88)
[12:39:25] 30ed332851d2447eaa4403e380992d89.jpg -> battery (1.00)
[12:39:25] 310e359634e6441bb6f6c1e00655d5c8.jpg -> paper (1.00)
[12:39:25] 33d6e03aedc54b7584d480ad5fa3ebba.jpg -> metal (1.00)
[12:39:25] 3ab2273fcd0c43d0b475249b20fd7a84.jpg -> biological (0.58)
[12:39:26] 3ac21ed28a8f4c7992536f8c28968fc6.jpg -> paper (1.00)
[12:39:26] 3bff9a0dc8904019bdc10fb2c59df719.jpg -> metal (1.00)
[12:39:26] 3c341a607e11402d8624cd291aaa9977.jpg -> glass (1.00)
[12:39:26] 4143e7fb57bd4efb8adaee267caf1dd4.jpg -> plastic (0.99)
[12:39:26] 41b0bb28e3874552b74e42d294eb519c.jpg -> shoes (0.93)
[12:39:26] 4460df05638c47cba524055c23bda678.jpg -> cardboard (0.99)
[12:39:27] 462a5fb3dca6449b8bb2d0f8958fd108.jpg -> cardboard (0.95)
[12:39:27] 4a296c3894e44f4bbb809bf69933137b.jpg -> metal (0.96)
[12:39:27] 4d363e99b3ad4875ab7c31d537933e29.jpg -> clothes (1.00)
[12:39:27] 4ddd48538dd74d5499634cab1058a91c.jpg -> biological (0.91)
[12:39:27] 501266daacc948ef92923656f1120697.jpg -> glass (1.00)
[12:39:27] 502f30bdea1940a0a9458d06f5aab4c7.jpg -> clothes (1.00)
[12:39:28] 5230ffd8db6c4d408705b4e383bafea3.jpg -> biological (0.99)
[12:39:28] 5491454ed5f247e9bf76ee65953a399b.jpg -> metal (0.87)
[12:39:28] 54e701bbba6849bc8af8040624f8d4a5.jpg -> cardboard (1.00)
[12:39:28] 558f8699f344499fbd2f17af67caba25.jpg -> glass (0.94)
[12:39:28] 55d6251a5a1148f484e3b4dc24c511d8.jpg -> plastic (1.00)
[12:39:29] 56e93357fc9b4ff58efb6c06d23a6d35.jpg -> cardboard (0.94)
[12:39:29] 5771e35be04149718a9a532fd359632d.jpg -> plastic (1.00)
[12:39:29] 585ad8973d164816a6e590841552646c.jpg -> plastic (1.00)
[12:39:30] 5941c46f587345cda620f288e3e1ab90.jpg -> metal (1.00)
[12:39:30] 5a424ffbf25f4bd4a6273afc4e859b77.jpg -> cardboard (1.00)
[12:39:30] 5c1aa938757c4ecab60131d4e834816e.jpg -> plastic (1.00)
[12:39:30] 5eb5d17a670d434db31f51c68fc7264e.jpg -> shoes (1.00)
[12:39:30] 5f48be5d2e8b47f7a606db9ec7bd00f4.jpg -> shoes (0.64)
[12:39:30] 5f58bd16f6e24badbeae1bbf370a11d6.jpg -> glass (1.00)
[12:39:31] 5f93e0d456fc4373b50aedd27b0ee160.jpg -> cardboard (0.99)
[12:39:31] 5fcbb4c1d05e4691a15102c322d6856a.jpg -> cardboard (1.00)
[12:39:31] 6395bd8a4b2d4d98ad3466b4fbea7d11.jpg -> biological (1.00)
[12:39:31] 6547f291f9d9428fb97f1cbb49841103.jpg -> glass (0.99)
[12:39:31] 68d1e7fac05c4f4785d87c1a1223845c.jpg -> shoes (1.00)
[12:39:31] 70a2a06e797d4706ab4e6d0d3decdbee.jpg -> trash (1.00)
[12:39:32] 71817fd304794a849db14cc13ad5172b.jpg -> plastic (0.50)
[12:39:32] 718f72b9e7de4741b17191eee599f2b4.jpg -> battery (0.96)
[12:39:32] 733c0b88d78043df8313668bd9c534a1.jpg -> metal (1.00)
[12:39:32] 74903cd7d5e0494ba9fc6ab52f68f37c.jpg -> cardboard (1.00)
[12:39:32] 756a4d3b702f450bb68609f29486196c.jpg -> clothes (0.92)
[12:39:32] 78ac8e1d89f74b4b9db94999a177c159.jpg -> glass (1.00)
[12:39:33] 79929cb58a424f82934c91540e5f9d13.jpg -> plastic (0.24)
[12:39:33] 7b642f28a8da49528e3c89ffcbe21e47.jpg -> plastic (0.97)
[12:39:33] 7ba4d834e9964371ab9c93419d921611.jpg -> glass (1.00)
[12:39:33] 7f1d7df625894fe68866d95301a1ee44.jpg -> shoes (0.98)
[12:39:33] 7f70f33a188446c2832e75a72e00792f.jpg -> glass (1.00)
[12:39:33] 80c4c5bb213a491888ad57b1e01a3815.jpg -> glass (1.00)
[12:39:34] 84705370800a4c0fa26bf2dfa023d7f7.jpg -> battery (0.74)
[12:39:34] 86cb3ffc06b0444796fedc84c96a04f0.jpg -> plastic (0.96)
[12:39:34] 87ee80261a2e472795a1739ca5950d6a.jpg -> clothes (1.00)
[12:39:34] 88d0121138eb4287bae93a3ec3751cfb.jpg -> clothes (0.99)
[12:39:34] 8904e1a714464017877d30c4c7b4c524.jpg -> plastic (1.00)
[12:39:34] 8c79dea541294acb9c2e9256f4424d92.jpg -> plastic (1.00)
[12:39:35] 8ca2a77871144258bd5d52d01222739b.jpg -> battery (1.00)
[12:39:35] 8ced9815b157456a9e34aeaa118ca64e.jpg -> plastic (1.00)
[12:39:35] 9028f8bc8adc4e5a99a6f93c8e6d747e.jpg -> trash (0.92)
[12:39:35] 9066495bfebd4732806db1fc276215af.jpg -> glass (1.00)
[12:39:35] 92803aecb9bf4e0394d20da59569ad5e.jpg -> glass (1.00)
[12:39:36] 9431f8da6a4c4a6981182c9a3b191b86.jpg -> trash (0.99)
[12:39:36] 94b688a452ea455eacc6b69cd2d2a081.jpg -> biological (0.51)
[12:39:36] 963f9be2189142e0a54e484db7f39726.jpg -> clothes (1.00)
[12:39:36] 975e37dc225047eca19a0f0b554f84f6.jpg -> battery (0.58)
[12:39:36] 97edc00304fc477dab518c8fd3f9c06c.jpg -> glass (1.00)
[12:39:36] 9e50c9561e394b7ba95a8a67ba61c6da.jpg -> shoes (1.00)
[12:39:37] a358845706da4f3b920737b7db87aa4c.jpg -> glass (0.71)
[12:39:37] a47b9acec1a84222b582ad2f8aadb172.jpg -> metal (1.00)
[12:39:37] a47be9ec84694985ace5ee3c537f3757.jpg -> cardboard (0.64)
[12:39:37] a6f6a966a0794b9fbf9d815d049540b7.jpg -> cardboard (1.00)
[12:39:37] a74713b153e24ae7913e3cf91a5510bc.jpg -> cardboard (0.98)
[12:39:38] a7d0187b99764842a77e6c4339d6c3dc.jpg -> paper (1.00)
[12:39:38] a816048706724582b9da6d60c534bee2.jpg -> clothes (0.84)
[12:39:38] a8951b634fcb4f6d9ed235cde1cf853c.jpg -> glass (0.97)
[12:39:38] a90383433b264b66926450aab6fb75ef.jpg -> clothes (1.00)
[12:39:38] aa3c4f814b214fc1931cec8d07af5e2a.jpg -> clothes (1.00)
[12:39:38] aba4467b10b544a7966d74fdbd2cfb8d.jpg -> shoes (0.99)
[12:39:39] ad7c1852c20044faaf9dfca5fd6bb9f3.jpg -> trash (0.94)
[12:39:39] ae0d0ad0625f4c059aa1bad9bd8bddca.jpg -> cardboard (0.71)
[12:39:39] ae9e90d668c5436fa915d1cf1e40023e.jpg -> battery (0.98)
[12:39:39] af51221f0f4f4d499d20fc3c8edb4c6a.jpg -> plastic (0.94)
[12:39:39] af7c38fe72684a079263e36f6447b9d1.jpg -> trash (0.46)
[12:39:39] afd4cd637e4141768d0c0c4b0b3a0634.jpg -> glass (1.00)
[12:39:40] b03ec8063d0b4bd9a7ab29069fbc15e6.jpg -> metal (0.93)
[12:39:40] b08b0292d6c24bc88a633abddfa26e71.jpg -> cardboard (0.60)
[12:39:40] b2f7119a96504e3cbe4e3bc1d196b374.jpg -> biological (1.00)
[12:39:40] b30d3d9257004d3f82174c6d7415c105.jpg -> trash (1.00)
[12:39:40] b34fefe11b934d56af7e8fe32763cd9d.jpg -> clothes (1.00)
[12:39:40] b35dd7c6a1de4d4f8c2965e7ea3bde1e.jpg -> plastic (1.00)
[12:39:41] b470c8f1847e4eb584c16c7755fb5487.jpg -> glass (1.00)
[12:39:41] b56705a1a76e42c883965de4add839fb.jpg -> shoes (0.64)
[12:39:41] b6686f0fce654ecd9a12c16f591f5d52.jpg -> glass (1.00)
[12:39:41] b6b188bb9f7848f186562c0b3d898175.jpg -> trash (0.40)
[12:39:41] b98f463731f046648b9268d0e6edc437.jpg -> clothes (0.99)
[12:39:42] be154c0735fc498580eb3997f27ccf03.jpg -> metal (1.00)
[12:39:42] c08701ab7faa476bbfd5468a8be387df.jpg -> glass (0.61)
[12:39:42] c129ea51f6524953a371609610260cf5.jpg -> plastic (0.79)
[12:39:42] c1fa94d7993c493a9d99f59d7039a8cb.jpg -> paper (0.98)
[12:39:42] c27d1ff87d0b42b789f88b3f312a1a8d.jpg -> trash (0.51)
[12:39:43] c371e4dff38b43f89b671bf9dff748b9.jpg -> glass (1.00)
[12:39:43] c95d7923dce34e4387751a8117e61ee1.jpg -> metal (0.99)
[12:39:43] c99422da03c64acea2c1374e64dec049.jpg -> paper (0.87)
[12:39:43] c9b3dc200051477180cb4538400e211f.jpg -> biological (1.00)
[12:39:43] cad0021ba9744db8836267f2eea7e5f0.jpg -> shoes (0.99)
[12:39:44] cb86d27af2b84d998903194c062f1c00.jpg -> metal (1.00)
[12:39:44] cc7a4fe15c0d4f0c83ebd78480a8c223.jpg -> battery (1.00)
[12:39:44] cd7b2610d90948fdbc1f498f4d5b8cf6.jpg -> plastic (1.00)
[12:39:44] d0fcc7df38e341449a119202459aae2a.jpg -> paper (0.48)
[12:39:44] d47a29d120b645419d57f0d081efbda7.jpg -> paper (0.49)
[12:39:45] d5601d1daf684ea0a2522d3a36f60586.jpg -> plastic (0.97)
[12:39:45] d6fe1e6a307343699ba5a3460f999165.jpg -> plastic (0.51)
[12:39:45] d745bbfd37684d42bcdf05edc5b39246.jpg -> biological (0.97)
[12:39:45] d8be2663621f4e769e74f6312dc2a967.jpg -> clothes (1.00)
[12:39:45] d8f5ad280ed845eeb45fba68d09f980d.jpg -> clothes (1.00)
[12:39:45] daec5d593613471c9a1cc563cd74f771.jpg -> paper (0.93)
[12:39:46] ddb13bef55f740e2a2537557d0ba35fd.jpg -> metal (0.85)
[12:39:46] dfb3a62dc75645dba5a3ccfa31e9c974.jpg -> glass (1.00)
[12:39:46] e41a6785aaa94cdfad8ef5f79c5336bb.jpg -> plastic (0.86)
[12:39:46] e4a53a5b930144e593376e563026580c.jpg -> plastic (0.97)
[12:39:47] e4e4c2b184664dd584f9c40e898cf229.jpg -> metal (1.00)
[12:39:47] e5761ea6117e42eca9866e9d87a92435.jpg -> plastic (0.50)
[12:39:47] e5799c69590240cf862a46c52555d81c.jpg -> battery (0.82)
[12:39:47] ea088172237943bebc9c1166d60a9b80.jpg -> paper (0.92)
[12:39:48] eb9f5dc8b63446838f5869c25442be1e.jpg -> glass (1.00)
[12:39:48] eba503a06e6b45b2800273354ccc95e3.jpg -> battery (1.00)
[12:39:48] ed7e8672d1c54b199ecb7c7567ae18eb.jpg -> clothes (0.45)
[12:39:48] ede0ece7ee424baeb93292ead659dbd7.jpg -> paper (0.97)
[12:39:48] ede28a019ff74339b5c22b44de5d043c.jpg -> biological (1.00)
[12:39:49] ef531cc161694abb9179c52ad743aa46.jpg -> paper (1.00)
[12:39:49] f1942b26485e4fdda8b467324209ab3c.jpg -> plastic (0.99)
[12:39:49] f3ae6ca76d534fc182f404bf15f48fcc.jpg -> glass (1.00)
[12:39:49] f5efccbd75c34ddea69216e015917cfd.jpg -> metal (1.00)
[12:39:49] f5ffd71696714e0ab3c31ee5d92174da.jpg -> metal (0.94)
[12:39:49] f67b79dec5514ec2af211b3af55d5202.jpg -> trash (0.99)
[12:39:50] f8fd80d35afd479cbe7f837f17aa1961.jpg -> plastic (1.00)
[12:39:50] f9b94b8a44ba4fb0aa4382b2abe07be5.jpg -> shoes (0.85)
[12:39:50] f9e9f2d410114e03ab3919263babdb7f.jpg -> cardboard (1.00)
[12:39:50] fb6e6165b8d04b3f86c58f15683b100b.jpg -> biological (0.51)
[12:39:50] fcb6bb6b9d8e4ec9af37b3c3b290e321.jpg -> clothes (1.00)
[12:39:50] fd984d2fc014418191366560472b9ad6.jpg -> glass (0.38)
[12:39:51] feee837e9296461c803cc668f8554231.jpg -> trash (0.98)
